<?xml version="1.0" encoding="UTF-8"?>
<testng-results ignored="0" total="1" passed="1" failed="0" skipped="0">
  <reporter-output>
  </reporter-output>
  <suite started-at="2024-01-05T13:16:04 IST" name="Suite" finished-at="2024-01-05T13:16:29 IST" duration-ms="24353">
    <groups>
    </groups>
    <test started-at="2024-01-05T13:16:04 IST" name="Test" finished-at="2024-01-05T13:16:29 IST" duration-ms="24353">
      <class name="com.itlearn.testcases.SearchTest">
        <test-method is-config="true" signature="setUpSuite()[pri:0, instance:com.itlearn.testcases.SearchTest@79b06cab]" started-at="2024-01-05T13:16:04 IST" name="setUpSuite" finished-at="2024-01-05T13:16:04 IST" duration-ms="9" status="PASS">
          <reporter-output>
          </reporter-output>
        </test-method> <!-- setUpSuite -->
        <test-method is-config="true" signature="setUp()[pri:0, instance:com.itlearn.testcases.SearchTest@79b06cab]" started-at="2024-01-05T13:16:05 IST" name="setUp" finished-at="2024-01-05T13:16:17 IST" duration-ms="12573" status="PASS">
          <reporter-output>
          </reporter-output>
        </test-method> <!-- setUp -->
        <test-method signature="searchCourseTesr()[pri:1, instance:com.itlearn.testcases.SearchTest@79b06cab]" started-at="2024-01-05T13:16:17 IST" name="searchCourseTesr" finished-at="2024-01-05T13:16:29 IST" duration-ms="11413" status="PASS">
          <reporter-output>
          </reporter-output>
        </test-method> <!-- searchCourseTesr -->
        <test-method is-config="true" signature="tearDown()[pri:0, instance:com.itlearn.testcases.SearchTest@79b06cab]" started-at="2024-01-05T13:16:29 IST" name="tearDown" finished-at="2024-01-05T13:16:29 IST" duration-ms="93" status="PASS">
          <reporter-output>
          </reporter-output>
        </test-method> <!-- tearDown -->
      </class> <!-- com.itlearn.testcases.SearchTest -->
    </test> <!-- Test -->
  </suite> <!-- Suite -->
</testng-results>
