<?xml version="1.0" encoding="UTF-8"?>
<testng-results ignored="0" total="1" passed="1" failed="0" skipped="0">
  <reporter-output>
  </reporter-output>
  <suite started-at="2024-01-05T12:53:39 IST" name="Suite" finished-at="2024-01-05T12:54:04 IST" duration-ms="24928">
    <groups>
    </groups>
    <test started-at="2024-01-05T12:53:39 IST" name="Test" finished-at="2024-01-05T12:54:04 IST" duration-ms="24928">
      <class name="com.itlearn.testcases.SearchTest">
        <test-method is-config="true" signature="setUpSuite()[pri:0, instance:com.itlearn.testcases.SearchTest@2fb3536e]" started-at="2024-01-05T12:53:39 IST" name="setUpSuite" finished-at="2024-01-05T12:53:39 IST" duration-ms="6" status="PASS">
          <reporter-output>
          </reporter-output>
        </test-method> <!-- setUpSuite -->
        <test-method is-config="true" signature="setUp()[pri:0, instance:com.itlearn.testcases.SearchTest@2fb3536e]" started-at="2024-01-05T12:53:39 IST" name="setUp" finished-at="2024-01-05T12:53:52 IST" duration-ms="12650" status="PASS">
          <reporter-output>
          </reporter-output>
        </test-method> <!-- setUp -->
        <test-method signature="searchCourseTesr()[pri:1, instance:com.itlearn.testcases.SearchTest@2fb3536e]" started-at="2024-01-05T12:53:52 IST" name="searchCourseTesr" finished-at="2024-01-05T12:54:04 IST" duration-ms="11868" status="PASS">
          <reporter-output>
          </reporter-output>
        </test-method> <!-- searchCourseTesr -->
        <test-method is-config="true" signature="tearDown()[pri:0, instance:com.itlearn.testcases.SearchTest@2fb3536e]" started-at="2024-01-05T12:54:04 IST" name="tearDown" finished-at="2024-01-05T12:54:04 IST" duration-ms="85" status="PASS">
          <reporter-output>
          </reporter-output>
        </test-method> <!-- tearDown -->
      </class> <!-- com.itlearn.testcases.SearchTest -->
    </test> <!-- Test -->
  </suite> <!-- Suite -->
</testng-results>
